<?xml version="1.0" encoding="UTF-8"?>
<testng-results skipped="0" failed="0" ignored="0" total="1" passed="1">
  <reporter-output>
  </reporter-output>
  <suite name="Data Driven Basics" duration-ms="1562" started-at="2017-09-25T03:15:20Z" finished-at="2017-09-25T03:15:21Z">
    <groups>
    </groups>
    <test name="Login Test" duration-ms="1562" started-at="2017-09-25T03:15:20Z" finished-at="2017-09-25T03:15:21Z">
      <class name="com.betatest.testcases.LoginTest">
        <test-method status="PASS" signature="setup()[pri:0, instance:com.betatest.testcases.LoginTest@47ef968d]" name="setup" is-config="true" duration-ms="9826" started-at="2017-09-25T08:45:10Z" finished-at="2017-09-25T08:45:20Z">
          <reporter-output>
          </reporter-output>
        </test-method> <!-- setup -->
        <test-method status="PASS" signature="loginasbankmnger()[pri:0, instance:com.betatest.testcases.LoginTest@47ef968d]" name="loginasbankmnger" duration-ms="1427" started-at="2017-09-25T08:45:20Z" finished-at="2017-09-25T08:45:21Z">
          <reporter-output>
          </reporter-output>
        </test-method> <!-- loginasbankmnger -->
        <test-method status="PASS" signature="teardown()[pri:0, instance:com.betatest.testcases.LoginTest@47ef968d]" name="teardown" is-config="true" duration-ms="1315" started-at="2017-09-25T08:45:21Z" finished-at="2017-09-25T08:45:23Z">
          <reporter-output>
          </reporter-output>
        </test-method> <!-- teardown -->
      </class> <!-- com.betatest.testcases.LoginTest -->
    </test> <!-- Login Test -->
  </suite> <!-- Data Driven Basics -->
</testng-results>
